#
# There is insufficient memory for the Java Runtime Environment to continue.
# Native memory allocation (malloc) failed to allocate 1048576 bytes for AllocateHeap
# Possible reasons:
#   The system is out of physical RAM or swap space
#   The process is running with CompressedOops enabled, and the Java Heap may be blocking the growth of the native heap
# Possible solutions:
#   Reduce memory load on the system
#   Increase physical memory or swap space
#   Check if swap backing store is full
#   Decrease Java heap size (-Xmx/-Xms)
#   Decrease number of Java threads
#   Decrease Java thread stack sizes (-Xss)
#   Set larger code cache with -XX:ReservedCodeCacheSize=
#   JVM is running with Zero Based Compressed Oops mode in which the Java heap is
#     placed in the first 32GB address space. The Java Heap base address is the
#     maximum limit for the native heap growth. Please use -XX:HeapBaseMinAddress
#     to set the Java Heap base and to place the Java Heap above 32GB virtual address.
# This output file may be truncated or incomplete.
#
#  Out of Memory Error (memory/allocation.inline.hpp:61), pid=26392, tid=0x00000000000066e0
#
# JRE version:  (8.0_361) (build )
# Java VM: Java HotSpot(TM) 64-Bit Server VM (25.361-b09 mixed mode windows-amd64 compressed oops)
# Failed to write core dump. Minidumps are not enabled by default on client versions of Windows
#

---------------  T H R E A D  ---------------

Current thread (0x000001bb6af86800):  JavaThread "Unknown thread" [_thread_in_vm, id=26336, stack(0x000000a1fa200000,0x000000a1fa300000)]

Stack: [0x000000a1fa200000,0x000000a1fa300000]
Native frames: (J=compiled Java code, j=interpreted, Vv=VM code, C=native code)
V  [jvm.dll+0x3317a9]
V  [jvm.dll+0x277c4e]
V  [jvm.dll+0x27888d]
V  [jvm.dll+0x26f0d5]
V  [jvm.dll+0x509d]
V  [jvm.dll+0x3cca9c]
V  [jvm.dll+0x3c8e07]
V  [jvm.dll+0xfd0df]
V  [jvm.dll+0x20c29b]
V  [jvm.dll+0x23adc7]
V  [jvm.dll+0x1637b6]
C  [javaw.exe+0x2322]
C  [javaw.exe+0x16544]
C  [KERNEL32.DLL+0x17344]
C  [ntdll.dll+0x526b1]


---------------  P R O C E S S  ---------------

Java Threads: ( => current thread )

Other Threads:

=>0x000001bb6af86800 (exited) JavaThread "Unknown thread" [_thread_in_vm, id=26336, stack(0x000000a1fa200000,0x000000a1fa300000)]

VM state:not at safepoint (normal execution)

VM Mutex/Monitor currently owned by a thread: None

heap address: 0x00000006c4400000, size: 4028 MB, Compressed Oops mode: Zero based, Oop shift amount: 3
Narrow klass base: 0x0000000000000000, Narrow klass shift: 3
Compressed class space size: 1073741824 Address: 0x00000007c0000000

Heap:
 PSYoungGen      total 75264K, used 1290K [0x000000076c180000, 0x0000000771580000, 0x00000007c0000000)
  eden space 64512K, 2% used [0x000000076c180000,0x000000076c2c2900,0x0000000770080000)
  from space 10752K, 0% used [0x0000000770b00000,0x0000000770b00000,0x0000000771580000)
  to   space 10752K, 0% used [0x0000000770080000,0x0000000770080000,0x0000000770b00000)
 ParOldGen       total 172032K, used 0K [0x00000006c4400000, 0x00000006cec00000, 0x000000076c180000)
  object space 172032K, 0% used [0x00000006c4400000,0x00000006c4400000,0x00000006cec00000)
 Metaspace       used 751K, capacity 4480K, committed 4480K, reserved 1056768K
  class space    used 76K, capacity 384K, committed 384K, reserved 1048576K

Card table byte_map: [0x000001bb7bcf0000,0x000001bb7c4d0000] byte_map_base: 0x000001bb786ce000

Marking Bits: (ParMarkBitMap*) 0x0000000052b3b090
 Begin Bits: [0x000001bb00000000, 0x000001bb03ef0000)
 End Bits:   [0x000001bb03ef0000, 0x000001bb07de0000)

Polling page: 0x000001bb6af30000

CodeCache: size=245760Kb used=329Kb max_used=329Kb free=245430Kb
 bounds [0x000001bb6c930000, 0x000001bb6cba0000, 0x000001bb7b930000]
 total_blobs=58 nmethods=0 adapters=38
 compilation: enabled

Compilation events (0 events):
No events

GC Heap History (0 events):
No events

Deoptimization events (0 events):
No events

Classes redefined (0 events):
No events

Internal exceptions (0 events):
No events

Events (10 events):
Event: 0.016 loading class java/lang/Short
Event: 0.016 loading class java/lang/Short done
Event: 0.016 loading class java/lang/Integer
Event: 0.016 loading class java/lang/Integer done
Event: 0.016 loading class java/lang/Long
Event: 0.016 loading class java/lang/Long done
Event: 0.017 loading class java/lang/NullPointerException
Event: 0.017 loading class java/lang/NullPointerException done
Event: 0.017 loading class java/lang/ArithmeticException
Event: 0.017 loading class java/lang/ArithmeticException done


Dynamic libraries:
0x00007ff6fe940000 - 0x00007ff6fe987000 	C:\Program Files\Java\jre1.8.0_361\bin\javaw.exe
0x00007ff992e90000 - 0x00007ff993087000 	C:\Windows\SYSTEM32\ntdll.dll
0x00007ff991170000 - 0x00007ff99122d000 	C:\Windows\System32\KERNEL32.DLL
0x00007ff9908f0000 - 0x00007ff990be6000 	C:\Windows\System32\KERNELBASE.dll
0x00007ff991a70000 - 0x00007ff991b1e000 	C:\Windows\System32\ADVAPI32.dll
0x00007ff992830000 - 0x00007ff9928ce000 	C:\Windows\System32\msvcrt.dll
0x00007ff991d30000 - 0x00007ff991dcc000 	C:\Windows\System32\sechost.dll
0x00007ff992d20000 - 0x00007ff992e46000 	C:\Windows\System32\RPCRT4.dll
0x00007ff990fd0000 - 0x00007ff99116e000 	C:\Windows\System32\USER32.dll
0x00007ff990570000 - 0x00007ff990592000 	C:\Windows\System32\win32u.dll
0x00007ff992520000 - 0x00007ff99254c000 	C:\Windows\System32\GDI32.dll
0x00007ff9906a0000 - 0x00007ff9907ba000 	C:\Windows\System32\gdi32full.dll
0x00007ff9907c0000 - 0x00007ff99085d000 	C:\Windows\System32\msvcp_win.dll
0x00007ff9905a0000 - 0x00007ff9906a0000 	C:\Windows\System32\ucrtbase.dll
0x00007ff9666f0000 - 0x00007ff96698a000 	C:\Windows\WinSxS\amd64_microsoft.windows.common-controls_6595b64144ccf1df_6.0.19041.3570_none_60bb2a3971f3e41a\COMCTL32.dll
0x00007ff990ef0000 - 0x00007ff990f20000 	C:\Windows\System32\IMM32.DLL
0x00007ff984ba0000 - 0x00007ff984bb5000 	C:\Program Files\Java\jre1.8.0_361\bin\vcruntime140.dll
0x00007ff984b00000 - 0x00007ff984b9b000 	C:\Program Files\Java\jre1.8.0_361\bin\msvcp140.dll
0x0000000052350000 - 0x0000000052bb3000 	C:\Program Files\Java\jre1.8.0_361\bin\server\jvm.dll
0x00007ff991dd0000 - 0x00007ff991dd8000 	C:\Windows\System32\PSAPI.DLL
0x00007ff974b00000 - 0x00007ff974b09000 	C:\Windows\SYSTEM32\WSOCK32.dll
0x00007ff98b300000 - 0x00007ff98b30a000 	C:\Windows\SYSTEM32\VERSION.dll
0x00007ff97d080000 - 0x00007ff97d0a7000 	C:\Windows\SYSTEM32\WINMM.dll
0x00007ff992560000 - 0x00007ff9925cb000 	C:\Windows\System32\WS2_32.dll
0x00007ff98ed60000 - 0x00007ff98ed72000 	C:\Windows\SYSTEM32\kernel.appcore.dll
0x00007ff985590000 - 0x00007ff9855a0000 	C:\Program Files\Java\jre1.8.0_361\bin\verify.dll
0x00007ff96f7d0000 - 0x00007ff96f7fb000 	C:\Program Files\Java\jre1.8.0_361\bin\java.dll
0x00007ff9832c0000 - 0x00007ff9832d8000 	C:\Program Files\Java\jre1.8.0_361\bin\zip.dll
0x00007ff98e2e0000 - 0x00007ff98e4c4000 	C:\Windows\SYSTEM32\dbghelp.dll
0x00007ff990860000 - 0x00007ff9908e2000 	C:\Windows\System32\bcryptPrimitives.dll

VM Arguments:
jvm_args: -Dfile.encoding=UTF-8 
java_command: uni.fmi.Cereal.App
java_class_path (initial): D:\BigData\final\Cereal\target\classes;D:\BigData\hadoop-2.10.1\hadoop-2.10.1\share\hadoop\common\sources\hadoop-common-2.10.1-test-sources.jar;C:\Java\lib\tools.jar;C:\Users\MiglenaPC\.m2\repository\org\apache\hadoop\hadoop-yarn-applications-distributedshell\2.7.1\hadoop-yarn-applications-distributedshell-2.7.1.jar;C:\Users\MiglenaPC\.m2\repository\log4j\log4j\1.2.17\log4j-1.2.17.jar;C:\Users\MiglenaPC\.m2\repository\commons-lang\commons-lang\2.6\commons-lang-2.6.jar;C:\Users\MiglenaPC\.m2\repository\com\google\guava\guava\11.0.2\guava-11.0.2.jar;C:\Users\MiglenaPC\.m2\repository\com\google\code\findbugs\jsr305\1.3.9\jsr305-1.3.9.jar;C:\Users\MiglenaPC\.m2\repository\commons-logging\commons-logging\1.1.3\commons-logging-1.1.3.jar;C:\Users\MiglenaPC\.m2\repository\commons-cli\commons-cli\1.2\commons-cli-1.2.jar;C:\Users\MiglenaPC\.m2\repository\commons-io\commons-io\2.4\commons-io-2.4.jar;C:\Users\MiglenaPC\.m2\repository\org\apache\hadoop\hadoop-annotations\2.7.1\hadoop-annotations-2.7.1.jar;C:\Users\MiglenaPC\.m2\repository\org\apache\hadoop\hadoop-yarn-client\2.7.1\hadoop-yarn-client-2.7.1.jar;C:\Users\MiglenaPC\.m2\repository\org\apache\hadoop\hadoop-yarn-applications-unmanaged-am-launcher\2.7.1\hadoop-yarn-applications-unmanaged-am-launcher-2.7.1.jar;C:\Users\MiglenaPC\.m2\repository\org\apache\hadoop\hadoop-yarn-server-common\2.7.1\hadoop-yarn-server-common-2.7.1.jar;C:\Users\MiglenaPC\.m2\repository\com\google\protobuf\protobuf-java\2.5.0\protobuf-java-2.5.0.jar;C:\Users\MiglenaPC\.m2\repository\org\apache\zookeeper\zookeeper\3.4.6\zookeeper-3.4.6.jar;C:\Users\MiglenaPC\.m2\repository\org\fusesource\leveldbjni\leveldbjni-all\1.8\leveldbjni-all-1.8.jar;C:\Users\MiglenaPC\.m2\repository\org\apache\hadoop\hadoop-yarn-server-applicationhistoryservice\2.7.1\hadoop-yarn-server-applicationhistoryservice-2.7.1.jar;C:\Users\MiglenaPC\.m2\repository\javax\servlet\servlet-api\2.5\servlet-api-2.5.jar;C:\Users\MiglenaPC\.m2\repository\com\goog
Launcher Type: SUN_STANDARD

Environment Variables:
JAVA_HOME=c:\Java
PATH=C:/Program Files/Java/jre1.8.0_361/bin/server;C:/Program Files/Java/jre1.8.0_361/bin;C:/Program Files/Java/jre1.8.0_361/lib/amd64;C:\Program Files\Common Files\Oracle\Java\javapath;C:\Program Files (x86)\Common Files\Oracle\Java\javapath;D:\Oracle\dbhomeXE\bin;C:\Program Files\dotnet\;D:\Git\cmd;C:\Java\bin;C:\Hadoop\bin;C:\Hadoop\sbin;C:\Users\MiglenaPC\AppData\Local\Programs\Python\Python312\Scripts\;C:\Users\MiglenaPC\AppData\Local\Programs\Python\Python312\;C:\Users\MiglenaPC\AppData\Local\Microsoft\WindowsApps;C:\Program Files\Azure Data Studio\bin;D:\Microsoft VS Code\bin;C:\Users\MiglenaPC\.dotnet\tools;D:\IntelliJ IDEA\IntelliJ IDEA Community Edition 2023.1\bin;;c:\Hadoop\bin;c:\Hadoop\sbin;c:\Java\bin;;D:\BigData\eclipse\eclipse;
USERNAME=MiglenaPC
OS=Windows_NT
PROCESSOR_IDENTIFIER=Intel64 Family 6 Model 141 Stepping 1, GenuineIntel



---------------  S Y S T E M  ---------------

OS: Windows 10 , 64 bit Build 19041 (10.0.19041.3570)

CPU:total 16 (initial active 16) (8 cores per cpu, 2 threads per core) family 6 model 141 stepping 1, cmov, cx8, fxsr, mmx, sse, sse2, sse3, ssse3, sse4.1, sse4.2, popcnt, avx, avx2, aes, clmul, erms, 3dnowpref, lzcnt, ht, tsc, tscinvbit, bmi1, bmi2, adx

Memory: 4k page, physical 16497444k(4356828k free), swap 31777308k(5444k free)

vm_info: Java HotSpot(TM) 64-Bit Server VM (25.361-b09) for windows-amd64 JRE (1.8.0_361-b09), built on Jan  9 2023 08:38:53 by "java_re" with MS VC++ 15.9 (VS2017)

time: Tue Nov  7 17:40:36 2023
timezone: FLE Standard Time
elapsed time: 0.034393 seconds (0d 0h 0m 0s)

